<?xml version="1.0" encoding="UTF-8"?>
<coverage generated="1608509458053" clover="3.2.0">
  <project timestamp="1608509458053" name="All files">
    <metrics statements="21" coveredstatements="21" conditionals="8" coveredconditionals="8" methods="8" coveredmethods="8" elements="37" coveredelements="37" complexity="0" loc="21" ncloc="21" packages="6" files="6" classes="6"/>
    <package name="src">
      <metrics statements="0" coveredstatements="0" conditionals="0" coveredconditionals="0" methods="0" coveredmethods="0"/>
      <file name="index.tsx" path="C:\Users\carll\Desktop\projects\open\cn-react-helpers\src\index.tsx">
        <metrics statements="0" coveredstatements="0" conditionals="0" coveredconditionals="0" methods="0" coveredmethods="0"/>
      </file>
    </package>
    <package name="src.modules.each">
      <metrics statements="2" coveredstatements="2" conditionals="0" coveredconditionals="0" methods="2" coveredmethods="2"/>
      <file name="each.tsx" path="C:\Users\carll\Desktop\projects\open\cn-react-helpers\src\modules\each\each.tsx">
        <metrics statements="2" coveredstatements="2" conditionals="0" coveredconditionals="0" methods="2" coveredmethods="2"/>
        <line num="9" count="1" type="stmt"/>
        <line num="12" count="3" type="stmt"/>
      </file>
    </package>
    <package name="src.modules.filter">
      <metrics statements="4" coveredstatements="4" conditionals="0" coveredconditionals="0" methods="3" coveredmethods="3"/>
      <file name="filter.tsx" path="C:\Users\carll\Desktop\projects\open\cn-react-helpers\src\modules\filter\filter.tsx">
        <metrics statements="4" coveredstatements="4" conditionals="0" coveredconditionals="0" methods="3" coveredmethods="3"/>
        <line num="10" count="2" type="stmt"/>
        <line num="11" count="15" type="stmt"/>
        <line num="14" count="2" type="stmt"/>
        <line num="17" count="7" type="stmt"/>
      </file>
    </package>
    <package name="src.modules.hide">
      <metrics statements="4" coveredstatements="4" conditionals="2" coveredconditionals="2" methods="1" coveredmethods="1"/>
      <file name="hide.tsx" path="C:\Users\carll\Desktop\projects\open\cn-react-helpers\src\modules\hide\hide.tsx">
        <metrics statements="4" coveredstatements="4" conditionals="2" coveredconditionals="2" methods="1" coveredmethods="1"/>
        <line num="9" count="3" type="cond" truecount="2" falsecount="0"/>
        <line num="10" count="2" type="stmt"/>
        <line num="13" count="1" type="stmt"/>
        <line num="16" count="2" type="stmt"/>
      </file>
    </package>
    <package name="src.modules.show">
      <metrics statements="4" coveredstatements="4" conditionals="2" coveredconditionals="2" methods="1" coveredmethods="1"/>
      <file name="show.tsx" path="C:\Users\carll\Desktop\projects\open\cn-react-helpers\src\modules\show\show.tsx">
        <metrics statements="4" coveredstatements="4" conditionals="2" coveredconditionals="2" methods="1" coveredmethods="1"/>
        <line num="9" count="3" type="cond" truecount="2" falsecount="0"/>
        <line num="10" count="2" type="stmt"/>
        <line num="13" count="1" type="stmt"/>
        <line num="16" count="2" type="stmt"/>
      </file>
    </package>
    <package name="src.modules.truncate">
      <metrics statements="7" coveredstatements="7" conditionals="4" coveredconditionals="4" methods="1" coveredmethods="1"/>
      <file name="truncate.tsx" path="C:\Users\carll\Desktop\projects\open\cn-react-helpers\src\modules\truncate\truncate.tsx">
        <metrics statements="7" coveredstatements="7" conditionals="4" coveredconditionals="4" methods="1" coveredmethods="1"/>
        <line num="10" count="8" type="stmt"/>
        <line num="11" count="8" type="stmt"/>
        <line num="12" count="8" type="stmt"/>
        <line num="14" count="8" type="cond" truecount="4" falsecount="0"/>
        <line num="15" count="7" type="stmt"/>
        <line num="18" count="8" type="stmt"/>
        <line num="25" count="1" type="stmt"/>
      </file>
    </package>
  </project>
</coverage>
