{"C:\\Users\\carll\\Desktop\\projects\\open\\cn-react-helpers\\src\\index.tsx": {"path":"C:\\Users\\carll\\Desktop\\projects\\open\\cn-react-helpers\\src\\index.tsx","statementMap":{},"fnMap":{},"branchMap":{},"s":{},"f":{},"b":{},"_coverageSchema":"43e27e138ebf9cfc5966b082cf9a028302ed4184","hash":"59c7ce110c7db5c7d106f7332525ba41a94bfecf"}
,"C:\\Users\\carll\\Desktop\\projects\\open\\cn-react-helpers\\src\\modules\\each\\each.tsx": {"path":"C:\\Users\\carll\\Desktop\\projects\\open\\cn-react-helpers\\src\\modules\\each\\each.tsx","statementMap":{"0":{"start":{"line":9,"column":2},"end":{"line":19,"column":3}},"1":{"start":{"line":12,"column":8},"end":{"line":16,"column":9}}},"fnMap":{"0":{"name":"Each","decl":{"start":{"line":8,"column":16},"end":{"line":8,"column":20}},"loc":{"start":{"line":8,"column":39},"end":{"line":20,"column":1}},"line":8},"1":{"name":"(anonymous_1)","decl":{"start":{"line":11,"column":23},"end":{"line":11,"column":24}},"loc":{"start":{"line":11,"column":45},"end":{"line":17,"column":7}},"line":11}},"branchMap":{},"s":{"0":1,"1":3},"f":{"0":1,"1":3},"b":{},"_coverageSchema":"43e27e138ebf9cfc5966b082cf9a028302ed4184","hash":"72b22e758ade10f5a76be768361a591a5496b894"}
,"C:\\Users\\carll\\Desktop\\projects\\open\\cn-react-helpers\\src\\modules\\filter\\filter.tsx": {"path":"C:\\Users\\carll\\Desktop\\projects\\open\\cn-react-helpers\\src\\modules\\filter\\filter.tsx","statementMap":{"0":{"start":{"line":10,"column":19},"end":{"line":12,"column":3}},"1":{"start":{"line":11,"column":4},"end":{"line":11,"column":30}},"2":{"start":{"line":14,"column":2},"end":{"line":24,"column":3}},"3":{"start":{"line":17,"column":8},"end":{"line":21,"column":9}}},"fnMap":{"0":{"name":"Filter","decl":{"start":{"line":9,"column":16},"end":{"line":9,"column":22}},"loc":{"start":{"line":9,"column":43},"end":{"line":25,"column":1}},"line":9},"1":{"name":"(anonymous_1)","decl":{"start":{"line":10,"column":38},"end":{"line":10,"column":39}},"loc":{"start":{"line":11,"column":4},"end":{"line":11,"column":30}},"line":11},"2":{"name":"(anonymous_2)","decl":{"start":{"line":16,"column":20},"end":{"line":16,"column":21}},"loc":{"start":{"line":16,"column":42},"end":{"line":22,"column":7}},"line":16}},"branchMap":{},"s":{"0":2,"1":15,"2":2,"3":7},"f":{"0":2,"1":15,"2":7},"b":{},"_coverageSchema":"43e27e138ebf9cfc5966b082cf9a028302ed4184","hash":"a51a4222d30ad78b0128ed0803ad0746c2d95e8c"}
,"C:\\Users\\carll\\Desktop\\projects\\open\\cn-react-helpers\\src\\modules\\hide\\hide.tsx": {"path":"C:\\Users\\carll\\Desktop\\projects\\open\\cn-react-helpers\\src\\modules\\hide\\hide.tsx","statementMap":{"0":{"start":{"line":9,"column":2},"end":{"line":11,"column":3}},"1":{"start":{"line":10,"column":4},"end":{"line":10,"column":15}},"2":{"start":{"line":13,"column":2},"end":{"line":13,"column":48}},"3":{"start":{"line":16,"column":0},"end":{"line":18,"column":1}}},"fnMap":{"0":{"name":"Hide","decl":{"start":{"line":8,"column":16},"end":{"line":8,"column":20}},"loc":{"start":{"line":8,"column":39},"end":{"line":14,"column":1}},"line":8}},"branchMap":{"0":{"loc":{"start":{"line":9,"column":2},"end":{"line":11,"column":3}},"type":"if","locations":[{"start":{"line":9,"column":2},"end":{"line":11,"column":3}},{"start":{"line":9,"column":2},"end":{"line":11,"column":3}}],"line":9}},"s":{"0":3,"1":2,"2":1,"3":2},"f":{"0":3},"b":{"0":[2,1]},"_coverageSchema":"43e27e138ebf9cfc5966b082cf9a028302ed4184","hash":"595f60cae2283862f49b7d746f31a764994d7e2d"}
,"C:\\Users\\carll\\Desktop\\projects\\open\\cn-react-helpers\\src\\modules\\show\\show.tsx": {"path":"C:\\Users\\carll\\Desktop\\projects\\open\\cn-react-helpers\\src\\modules\\show\\show.tsx","statementMap":{"0":{"start":{"line":9,"column":2},"end":{"line":11,"column":3}},"1":{"start":{"line":10,"column":4},"end":{"line":10,"column":50}},"2":{"start":{"line":13,"column":2},"end":{"line":13,"column":13}},"3":{"start":{"line":16,"column":0},"end":{"line":18,"column":1}}},"fnMap":{"0":{"name":"Show","decl":{"start":{"line":8,"column":16},"end":{"line":8,"column":20}},"loc":{"start":{"line":8,"column":39},"end":{"line":14,"column":1}},"line":8}},"branchMap":{"0":{"loc":{"start":{"line":9,"column":2},"end":{"line":11,"column":3}},"type":"if","locations":[{"start":{"line":9,"column":2},"end":{"line":11,"column":3}},{"start":{"line":9,"column":2},"end":{"line":11,"column":3}}],"line":9}},"s":{"0":3,"1":2,"2":1,"3":2},"f":{"0":3},"b":{"0":[2,1]},"_coverageSchema":"43e27e138ebf9cfc5966b082cf9a028302ed4184","hash":"657f7ca3553fab26a3130c8d09cce160ef4bdf5b"}
,"C:\\Users\\carll\\Desktop\\projects\\open\\cn-react-helpers\\src\\modules\\truncate\\truncate.tsx": {"path":"C:\\Users\\carll\\Desktop\\projects\\open\\cn-react-helpers\\src\\modules\\truncate\\truncate.tsx","statementMap":{"0":{"start":{"line":10,"column":32},"end":{"line":10,"column":37}},"1":{"start":{"line":11,"column":16},"end":{"line":11,"column":31}},"2":{"start":{"line":12,"column":15},"end":{"line":12,"column":22}},"3":{"start":{"line":14,"column":2},"end":{"line":16,"column":3}},"4":{"start":{"line":15,"column":4},"end":{"line":15,"column":58}},"5":{"start":{"line":18,"column":2},"end":{"line":22,"column":3}},"6":{"start":{"line":25,"column":0},"end":{"line":29,"column":1}}},"fnMap":{"0":{"name":"Truncate","decl":{"start":{"line":9,"column":16},"end":{"line":9,"column":24}},"loc":{"start":{"line":9,"column":47},"end":{"line":23,"column":1}},"line":9}},"branchMap":{"0":{"loc":{"start":{"line":14,"column":2},"end":{"line":16,"column":3}},"type":"if","locations":[{"start":{"line":14,"column":2},"end":{"line":16,"column":3}},{"start":{"line":14,"column":2},"end":{"line":16,"column":3}}],"line":14},"1":{"loc":{"start":{"line":14,"column":6},"end":{"line":14,"column":38}},"type":"binary-expr","locations":[{"start":{"line":14,"column":6},"end":{"line":14,"column":13}},{"start":{"line":14,"column":17},"end":{"line":14,"column":38}}],"line":14}},"s":{"0":8,"1":8,"2":8,"3":8,"4":7,"5":8,"6":1},"f":{"0":8},"b":{"0":[7,1],"1":[8,8]},"_coverageSchema":"43e27e138ebf9cfc5966b082cf9a028302ed4184","hash":"82e59135ea6b8373eb739520dd63c4e5ec767b25"}
}
