TN:
SF:/home/carlos/Desktop/projects/open/react-helpers/src/components/each/each.js
FN:4,Each
FN:7,(anonymous_1)
FNF:2
FNH:2
FNDA:1,Each
FNDA:3,(anonymous_1)
DA:5,1
DA:8,3
DA:18,1
LF:3
LH:3
BRF:0
BRH:0
end_of_record
TN:
SF:/home/carlos/Desktop/projects/open/react-helpers/src/components/filter/filter.js
FN:4,Filter
FN:5,(anonymous_1)
FN:11,(anonymous_2)
FNF:3
FNH:3
FNDA:2,Filter
FNDA:6,(anonymous_1)
FNDA:4,(anonymous_2)
DA:5,2
DA:6,6
DA:9,2
DA:12,4
DA:22,1
LF:5
LH:5
BRF:0
BRH:0
end_of_record
TN:
SF:/home/carlos/Desktop/projects/open/react-helpers/src/components/hide/hide.js
FN:4,Hide
FNF:1
FNH:1
FNDA:2,Hide
DA:5,2
DA:6,1
DA:9,1
DA:12,1
DA:20,1
LF:5
LH:5
BRDA:5,0,0,1
BRDA:5,0,1,1
BRF:2
BRH:2
end_of_record
TN:
SF:/home/carlos/Desktop/projects/open/react-helpers/src/components/lazy-iframe/lazy-iframe.js
FN:4,LazyIframe
FN:7,isInViewport
FN:15,reload
FN:18,(anonymous_3)
FN:33,(anonymous_4)
FNF:5
FNH:5
FNDA:1,LazyIframe
FNDA:1,isInViewport
FNDA:1,reload
FNDA:1,(anonymous_3)
FNDA:1,(anonymous_4)
DA:5,1
DA:8,1
DA:10,1
DA:16,1
DA:18,1
DA:19,1
DA:20,1
DA:22,1
DA:23,1
DA:27,1
DA:28,1
DA:30,1
DA:33,1
DA:34,1
DA:37,1
DA:46,1
DA:58,1
LF:17
LH:17
BRDA:19,0,0,1
BRDA:19,0,1,0
BRF:2
BRH:1
end_of_record
TN:
SF:/home/carlos/Desktop/projects/open/react-helpers/src/components/lazy-image/lazy-image.js
FN:4,LazyImage
FN:7,isInViewport
FN:15,reload
FN:18,action
FN:33,(anonymous_4)
FNF:5
FNH:5
FNDA:1,LazyImage
FNDA:1,isInViewport
FNDA:1,reload
FNDA:1,action
FNDA:1,(anonymous_4)
DA:5,1
DA:8,1
DA:10,1
DA:16,1
DA:19,1
DA:20,1
DA:22,1
DA:23,1
DA:27,1
DA:28,1
DA:30,1
DA:33,1
DA:34,1
DA:37,1
DA:50,1
DA:64,1
LF:16
LH:16
BRDA:19,0,0,1
BRDA:19,0,1,0
BRDA:45,1,0,1
BRDA:45,1,1,0
BRF:4
BRH:2
end_of_record
TN:
SF:/home/carlos/Desktop/projects/open/react-helpers/src/components/show/show.js
FN:4,Show
FNF:1
FNH:1
FNDA:4,Show
DA:5,4
DA:6,2
DA:13,2
DA:16,1
DA:24,1
LF:5
LH:5
BRDA:5,0,0,2
BRDA:5,0,1,2
BRF:2
BRH:2
end_of_record
TN:
SF:/home/carlos/Desktop/projects/open/react-helpers/src/components/truncate/truncate.js
FN:4,Truncate
FNF:1
FNH:1
FNDA:4,Truncate
DA:5,4
DA:7,4
DA:8,2
DA:11,4
DA:18,1
DA:29,1
LF:6
LH:6
BRDA:7,0,0,2
BRDA:7,0,1,2
BRDA:7,1,0,4
BRDA:7,1,1,3
BRF:4
BRH:4
end_of_record
