TN:
SF:C:\Users\carll\Desktop\projects\open\cn-react-helpers\src\index.tsx
FNF:0
FNH:0
LF:0
LH:0
BRF:0
BRH:0
end_of_record
TN:
SF:C:\Users\carll\Desktop\projects\open\cn-react-helpers\src\modules\each\each.tsx
FN:8,Each
FN:11,(anonymous_1)
FNF:2
FNH:2
FNDA:1,Each
FNDA:3,(anonymous_1)
DA:9,1
DA:12,3
LF:2
LH:2
BRF:0
BRH:0
end_of_record
TN:
SF:C:\Users\carll\Desktop\projects\open\cn-react-helpers\src\modules\filter\filter.tsx
FN:9,Filter
FN:10,(anonymous_1)
FN:16,(anonymous_2)
FNF:3
FNH:3
FNDA:2,Filter
FNDA:15,(anonymous_1)
FNDA:7,(anonymous_2)
DA:10,2
DA:11,15
DA:14,2
DA:17,7
LF:4
LH:4
BRF:0
BRH:0
end_of_record
TN:
SF:C:\Users\carll\Desktop\projects\open\cn-react-helpers\src\modules\hide\hide.tsx
FN:8,Hide
FNF:1
FNH:1
FNDA:3,Hide
DA:9,3
DA:10,2
DA:13,1
DA:16,2
LF:4
LH:4
BRDA:9,0,0,2
BRDA:9,0,1,1
BRF:2
BRH:2
end_of_record
TN:
SF:C:\Users\carll\Desktop\projects\open\cn-react-helpers\src\modules\show\show.tsx
FN:8,Show
FNF:1
FNH:1
FNDA:3,Show
DA:9,3
DA:10,2
DA:13,1
DA:16,2
LF:4
LH:4
BRDA:9,0,0,2
BRDA:9,0,1,1
BRF:2
BRH:2
end_of_record
TN:
SF:C:\Users\carll\Desktop\projects\open\cn-react-helpers\src\modules\truncate\truncate.tsx
FN:9,Truncate
FNF:1
FNH:1
FNDA:8,Truncate
DA:10,8
DA:11,8
DA:12,8
DA:14,8
DA:15,7
DA:18,8
DA:25,1
LF:7
LH:7
BRDA:14,0,0,7
BRDA:14,0,1,1
BRDA:14,1,0,8
BRDA:14,1,1,8
BRF:4
BRH:4
end_of_record
